<?xml version="1.0" encoding="UTF-8"?>
<testsuite xmlns:xsi="http://www.w3.org/2001/XMLSchema-instance" xsi:noNamespaceSchemaLocation="https://maven.apache.org/surefire/maven-surefire-plugin/xsd/surefire-test-report-3.0.xsd" version="3.0" name="TestSuite" time="14.961" tests="3" errors="0" skipped="0" failures="0">
  <properties>
    <property name="sun.desktop" value="gnome"/>
    <property name="awt.toolkit" value="sun.awt.X11.XToolkit"/>
    <property name="java.specification.version" value="11"/>
    <property name="sun.cpu.isalist" value=""/>
    <property name="sun.jnu.encoding" value="UTF-8"/>
    <property name="java.class.path" value="/home/sanpsicro/.m2/repository/org/apache/maven/surefire/surefire-booter/3.0.0-M3/surefire-booter-3.0.0-M3.jar:/home/sanpsicro/.m2/repository/org/apache/maven/surefire/surefire-api/3.0.0-M3/surefire-api-3.0.0-M3.jar:/home/sanpsicro/.m2/repository/org/apache/maven/surefire/surefire-logger-api/3.0.0-M3/surefire-logger-api-3.0.0-M3.jar:/home/sanpsicro/Desktop/Frameworks/Carina/automation/target/test-classes:/home/sanpsicro/Desktop/Frameworks/Carina/automation/target/classes:/home/sanpsicro/.m2/repository/com/qaprosoft/carina-core/6.1.25/carina-core-6.1.25.jar:/home/sanpsicro/.m2/repository/com/qaprosoft/carina-dataprovider/6.1.25/carina-dataprovider-6.1.25.jar:/home/sanpsicro/.m2/repository/com/qaprosoft/carina-commons/6.1.25/carina-commons-6.1.25.jar:/home/sanpsicro/.m2/repository/net/sf/opencsv/opencsv/1.7/opencsv-1.7.jar:/home/sanpsicro/.m2/repository/org/apache/poi/poi-ooxml/3.11-beta3/poi-ooxml-3.11-beta3.jar:/home/sanpsicro/.m2/repository/org/apache/poi/poi/3.11-beta3/poi-3.11-beta3.jar:/home/sanpsicro/.m2/repository/org/apache/poi/poi-ooxml-schemas/3.11-beta3/poi-ooxml-schemas-3.11-beta3.jar:/home/sanpsicro/.m2/repository/org/apache/xmlbeans/xmlbeans/2.6.0/xmlbeans-2.6.0.jar:/home/sanpsicro/.m2/repository/stax/stax-api/1.0.1/stax-api-1.0.1.jar:/home/sanpsicro/.m2/repository/org/apache/commons/commons-lang3/3.5/commons-lang3-3.5.jar:/home/sanpsicro/.m2/repository/com/google/apis/google-api-services-sheets/v4-rev581-1.25.0/google-api-services-sheets-v4-rev581-1.25.0.jar:/home/sanpsicro/.m2/repository/com/google/api-client/google-api-client/1.25.0/google-api-client-1.25.0.jar:/home/sanpsicro/.m2/repository/com/google/oauth-client/google-oauth-client/1.25.0/google-oauth-client-1.25.0.jar:/home/sanpsicro/.m2/repository/com/google/http-client/google-http-client/1.25.0/google-http-client-1.25.0.jar:/home/sanpsicro/.m2/repository/com/google/http-client/google-http-client-jackson2/1.25.0/google-http-client-jackson2-1.25.0.jar:/home/sanpsicro/.m2/repository/com/qaprosoft/carina-utils/6.1.25/carina-utils-6.1.25.jar:/home/sanpsicro/.m2/repository/com/qaprosoft/carina-crypto/6.1.25/carina-crypto-6.1.25.jar:/home/sanpsicro/.m2/repository/commons-cli/commons-cli/1.2/commons-cli-1.2.jar:/home/sanpsicro/.m2/repository/commons-io/commons-io/2.5/commons-io-2.5.jar:/home/sanpsicro/.m2/repository/org/seleniumhq/selenium/selenium-java/3.141.59/selenium-java-3.141.59.jar:/home/sanpsicro/.m2/repository/org/seleniumhq/selenium/selenium-api/3.141.59/selenium-api-3.141.59.jar:/home/sanpsicro/.m2/repository/org/seleniumhq/selenium/selenium-chrome-driver/3.141.59/selenium-chrome-driver-3.141.59.jar:/home/sanpsicro/.m2/repository/org/seleniumhq/selenium/selenium-edge-driver/3.141.59/selenium-edge-driver-3.141.59.jar:/home/sanpsicro/.m2/repository/org/seleniumhq/selenium/selenium-firefox-driver/3.141.59/selenium-firefox-driver-3.141.59.jar:/home/sanpsicro/.m2/repository/org/seleniumhq/selenium/selenium-ie-driver/3.141.59/selenium-ie-driver-3.141.59.jar:/home/sanpsicro/.m2/repository/org/seleniumhq/selenium/selenium-opera-driver/3.141.59/selenium-opera-driver-3.141.59.jar:/home/sanpsicro/.m2/repository/org/seleniumhq/selenium/selenium-remote-driver/3.141.59/selenium-remote-driver-3.141.59.jar:/home/sanpsicro/.m2/repository/org/seleniumhq/selenium/selenium-safari-driver/3.141.59/selenium-safari-driver-3.141.59.jar:/home/sanpsicro/.m2/repository/org/seleniumhq/selenium/selenium-support/3.141.59/selenium-support-3.141.59.jar:/home/sanpsicro/.m2/repository/net/bytebuddy/byte-buddy/1.8.15/byte-buddy-1.8.15.jar:/home/sanpsicro/.m2/repository/org/apache/commons/commons-exec/1.3/commons-exec-1.3.jar:/home/sanpsicro/.m2/repository/com/google/guava/guava/25.0-jre/guava-25.0-jre.jar:/home/sanpsicro/.m2/repository/org/checkerframework/checker-compat-qual/2.0.0/checker-compat-qual-2.0.0.jar:/home/sanpsicro/.m2/repository/com/google/errorprone/error_prone_annotations/2.1.3/error_prone_annotations-2.1.3.jar:/home/sanpsicro/.m2/repository/com/google/j2objc/j2objc-annotations/1.1/j2objc-annotations-1.1.jar:/home/sanpsicro/.m2/repository/org/codehaus/mojo/animal-sniffer-annotations/1.14/animal-sniffer-annotations-1.14.jar:/home/sanpsicro/.m2/repository/com/squareup/okhttp3/okhttp/3.11.0/okhttp-3.11.0.jar:/home/sanpsicro/.m2/repository/com/squareup/okio/okio/1.14.0/okio-1.14.0.jar:/home/sanpsicro/.m2/repository/com/sun/jna/jna/3.0.9/jna-3.0.9.jar:/home/sanpsicro/.m2/repository/com/jayway/restassured/rest-assured/2.9.0/rest-assured-2.9.0.jar:/home/sanpsicro/.m2/repository/org/codehaus/groovy/groovy/2.4.4/groovy-2.4.4.jar:/home/sanpsicro/.m2/repository/org/codehaus/groovy/groovy-xml/2.4.4/groovy-xml-2.4.4.jar:/home/sanpsicro/.m2/repository/org/apache/httpcomponents/httpmime/4.5.1/httpmime-4.5.1.jar:/home/sanpsicro/.m2/repository/org/hamcrest/hamcrest-core/1.3/hamcrest-core-1.3.jar:/home/sanpsicro/.m2/repository/org/hamcrest/hamcrest-library/1.3/hamcrest-library-1.3.jar:/home/sanpsicro/.m2/repository/org/ccil/cowan/tagsoup/tagsoup/1.2.1/tagsoup-1.2.1.jar:/home/sanpsicro/.m2/repository/com/jayway/restassured/json-path/2.9.0/json-path-2.9.0.jar:/home/sanpsicro/.m2/repository/org/codehaus/groovy/groovy-json/2.4.4/groovy-json-2.4.4.jar:/home/sanpsicro/.m2/repository/com/jayway/restassured/rest-assured-common/2.9.0/rest-assured-common-2.9.0.jar:/home/sanpsicro/.m2/repository/com/jayway/restassured/xml-path/2.9.0/xml-path-2.9.0.jar:/home/sanpsicro/.m2/repository/org/testng/testng/6.14.3/testng-6.14.3.jar:/home/sanpsicro/.m2/repository/com/beust/jcommander/1.72/jcommander-1.72.jar:/home/sanpsicro/.m2/repository/org/apache-extras/beanshell/bsh/2.0b6/bsh-2.0b6.jar:/home/sanpsicro/.m2/repository/org/apache/pdfbox/pdfbox/2.0.15/pdfbox-2.0.15.jar:/home/sanpsicro/.m2/repository/org/apache/pdfbox/fontbox/2.0.15/fontbox-2.0.15.jar:/home/sanpsicro/.m2/repository/com/fasterxml/jackson/core/jackson-databind/2.9.9/jackson-databind-2.9.9.jar:/home/sanpsicro/.m2/repository/com/fasterxml/jackson/core/jackson-core/2.9.9/jackson-core-2.9.9.jar:/home/sanpsicro/.m2/repository/com/fasterxml/jackson/core/jackson-annotations/2.9.8/jackson-annotations-2.9.8.jar:/home/sanpsicro/.m2/repository/org/mongodb/mongo-java-driver/2.11.3/mongo-java-driver-2.11.3.jar:/home/sanpsicro/.m2/repository/joda-time/joda-time/2.9.9/joda-time-2.9.9.jar:/home/sanpsicro/.m2/repository/commons-net/commons-net/3.3/commons-net-3.3.jar:/home/sanpsicro/.m2/repository/net/rcarz/jira-client/0.5/jira-client-0.5.jar:/home/sanpsicro/.m2/repository/net/sf/json-lib/json-lib/2.4/json-lib-2.4-jdk15.jar:/home/sanpsicro/.m2/repository/net/sf/ezmorph/ezmorph/1.0.6/ezmorph-1.0.6.jar:/home/sanpsicro/.m2/repository/org/mockito/mockito-all/1.9.0/mockito-all-1.9.0.jar:/home/sanpsicro/.m2/repository/commons-httpclient/commons-httpclient/3.1/commons-httpclient-3.1.jar:/home/sanpsicro/.m2/repository/org/imgscalr/imgscalr-lib/4.2/imgscalr-lib-4.2.jar:/home/sanpsicro/.m2/repository/com/qaprosoft/zafira-client/4.1.59/zafira-client-4.1.59.jar:/home/sanpsicro/.m2/repository/com/sun/jersey/jersey-client/1.19.4/jersey-client-1.19.4.jar:/home/sanpsicro/.m2/repository/com/sun/jersey/jersey-core/1.19.4/jersey-core-1.19.4.jar:/home/sanpsicro/.m2/repository/javax/ws/rs/jsr311-api/1.1.1/jsr311-api-1.1.1.jar:/home/sanpsicro/.m2/repository/com/sun/jersey/jersey-json/1.19.4/jersey-json-1.19.4.jar:/home/sanpsicro/.m2/repository/org/codehaus/jettison/jettison/1.1/jettison-1.1.jar:/home/sanpsicro/.m2/repository/com/sun/xml/bind/jaxb-impl/2.2.3-1/jaxb-impl-2.2.3-1.jar:/home/sanpsicro/.m2/repository/javax/xml/bind/jaxb-api/2.2.2/jaxb-api-2.2.2.jar:/home/sanpsicro/.m2/repository/javax/xml/stream/stax-api/1.0-2/stax-api-1.0-2.jar:/home/sanpsicro/.m2/repository/org/codehaus/jackson/jackson-core-asl/1.9.2/jackson-core-asl-1.9.2.jar:/home/sanpsicro/.m2/repository/org/codehaus/jackson/jackson-mapper-asl/1.9.2/jackson-mapper-asl-1.9.2.jar:/home/sanpsicro/.m2/repository/org/codehaus/jackson/jackson-jaxrs/1.9.2/jackson-jaxrs-1.9.2.jar:/home/sanpsicro/.m2/repository/org/codehaus/jackson/jackson-xc/1.9.2/jackson-xc-1.9.2.jar:/home/sanpsicro/.m2/repository/com/owlike/genson/0.99/genson-0.99.jar:/home/sanpsicro/.m2/repository/org/slf4j/slf4j-api/1.7.26/slf4j-api-1.7.26.jar:/home/sanpsicro/.m2/repository/org/apache/commons/commons-configuration2/2.5/commons-configuration2-2.5.jar:/home/sanpsicro/.m2/repository/com/rabbitmq/amqp-client/5.7.2/amqp-client-5.7.2.jar:/home/sanpsicro/.m2/repository/javax/validation/validation-api/2.0.1.Final/validation-api-2.0.1.Final.jar:/home/sanpsicro/.m2/repository/org/hibernate/validator/hibernate-validator/6.0.17.Final/hibernate-validator-6.0.17.Final.jar:/home/sanpsicro/.m2/repository/org/jboss/logging/jboss-logging/3.3.2.Final/jboss-logging-3.3.2.Final.jar:/home/sanpsicro/.m2/repository/com/fasterxml/classmate/1.3.4/classmate-1.3.4.jar:/home/sanpsicro/.m2/repository/com/google/code/gson/gson/2.8.5/gson-2.8.5.jar:/home/sanpsicro/.m2/repository/com/qaprosoft/carina-reporting/6.1.25/carina-reporting-6.1.25.jar:/home/sanpsicro/.m2/repository/com/qaprosoft/carina-aws-s3/6.1.25/carina-aws-s3-6.1.25.jar:/home/sanpsicro/.m2/repository/com/amazonaws/aws-java-sdk-s3/1.11.386/aws-java-sdk-s3-1.11.386.jar:/home/sanpsicro/.m2/repository/com/amazonaws/aws-java-sdk-core/1.11.386/aws-java-sdk-core-1.11.386.jar:/home/sanpsicro/.m2/repository/software/amazon/ion/ion-java/1.0.2/ion-java-1.0.2.jar:/home/sanpsicro/.m2/repository/com/fasterxml/jackson/dataformat/jackson-dataformat-cbor/2.6.7/jackson-dataformat-cbor-2.6.7.jar:/home/sanpsicro/.m2/repository/javax/mail/mail/1.4/mail-1.4.jar:/home/sanpsicro/.m2/repository/javax/activation/activation/1.1/activation-1.1.jar:/home/sanpsicro/.m2/repository/com/pojosontheweb/monte-repack/1.0/monte-repack-1.0.jar:/home/sanpsicro/.m2/repository/javax/media/jai/com.springsource.javax.media.jai.core/1.1.3/com.springsource.javax.media.jai.core-1.1.3.jar:/home/sanpsicro/.m2/repository/javax/media/jai/com.springsource.javax.media.jai.codec/1.1.3/com.springsource.javax.media.jai.codec-1.1.3.jar:/home/sanpsicro/.m2/repository/javax/media/jmf/2.1.1e/jmf-2.1.1e.jar:/home/sanpsicro/.m2/repository/com/googlecode/json-simple/json-simple/1.1/json-simple-1.1.jar:/home/sanpsicro/.m2/repository/com/qaprosoft/carina-webdriver/6.1.25/carina-webdriver-6.1.25.jar:/home/sanpsicro/.m2/repository/com/qaprosoft/carina-proxy/6.1.25/carina-proxy-6.1.25.jar:/home/sanpsicro/.m2/repository/net/lightbody/bmp/browsermob-core/2.1.5/browsermob-core-2.1.5.jar:/home/sanpsicro/.m2/repository/net/lightbody/bmp/littleproxy/1.1.0-beta-bmp-17/littleproxy-1.1.0-beta-bmp-17.jar:/home/sanpsicro/.m2/repository/dnsjava/dnsjava/2.1.8/dnsjava-2.1.8.jar:/home/sanpsicro/.m2/repository/org/slf4j/jcl-over-slf4j/1.7.25/jcl-over-slf4j-1.7.25.jar:/home/sanpsicro/.m2/repository/com/jcraft/jzlib/1.1.3/jzlib-1.1.3.jar:/home/sanpsicro/.m2/repository/org/bouncycastle/bcprov-jdk15on/1.58/bcprov-jdk15on-1.58.jar:/home/sanpsicro/.m2/repository/org/bouncycastle/bcpkix-jdk15on/1.58/bcpkix-jdk15on-1.58.jar:/home/sanpsicro/.m2/repository/net/lightbody/bmp/mitm/2.1.5/mitm-2.1.5.jar:/home/sanpsicro/.m2/repository/io/netty/netty-all/4.1.17.Final/netty-all-4.1.17.Final.jar:/home/sanpsicro/.m2/repository/io/appium/java-client/7.0.0/java-client-7.0.0.jar:/home/sanpsicro/.m2/repository/cglib/cglib/3.2.8/cglib-3.2.8.jar:/home/sanpsicro/.m2/repository/org/ow2/asm/asm/6.2.1/asm-6.2.1.jar:/home/sanpsicro/.m2/repository/org/apache/ant/ant/1.10.3/ant-1.10.3.jar:/home/sanpsicro/.m2/repository/org/apache/ant/ant-launcher/1.10.3/ant-launcher-1.10.3.jar:/home/sanpsicro/.m2/repository/commons-validator/commons-validator/1.6/commons-validator-1.6.jar:/home/sanpsicro/.m2/repository/org/springframework/spring-context/5.1.0.RELEASE/spring-context-5.1.0.RELEASE.jar:/home/sanpsicro/.m2/repository/org/springframework/spring-expression/5.1.0.RELEASE/spring-expression-5.1.0.RELEASE.jar:/home/sanpsicro/.m2/repository/org/aspectj/aspectjweaver/1.9.1/aspectjweaver-1.9.1.jar:/home/sanpsicro/.m2/repository/ru/yandex/qatools/ashot/ashot/1.5.3/ashot-1.5.3.jar:/home/sanpsicro/.m2/repository/com/googlecode/lambdaj/lambdaj/2.3.3/lambdaj-2.3.3.jar:/home/sanpsicro/.m2/repository/org/hamcrest/hamcrest-all/1.1/hamcrest-all-1.1.jar:/home/sanpsicro/.m2/repository/org/objenesis/objenesis/1.2/objenesis-1.2.jar:/home/sanpsicro/.m2/repository/cglib/cglib-nodep/2.2/cglib-nodep-2.2.jar:/home/sanpsicro/.m2/repository/org/apache/httpcomponents/fluent-hc/4.4/fluent-hc-4.4.jar:/home/sanpsicro/.m2/repository/com/itextpdf/itextpdf/5.0.6/itextpdf-5.0.6.jar:/home/sanpsicro/.m2/repository/com/qaprosoft/alice-client/1.1.0/alice-client-1.1.0.jar:/home/sanpsicro/.m2/repository/com/qaprosoft/alice-models/1.1.0/alice-models-1.1.0.jar:/home/sanpsicro/.m2/repository/org/springframework/spring-tx/4.3.2.RELEASE/spring-tx-4.3.2.RELEASE.jar:/home/sanpsicro/.m2/repository/org/springframework/spring-jdbc/4.3.2.RELEASE/spring-jdbc-4.3.2.RELEASE.jar:/home/sanpsicro/.m2/repository/org/springframework/data/spring-data-mongodb/1.9.2.RELEASE/spring-data-mongodb-1.9.2.RELEASE.jar:/home/sanpsicro/.m2/repository/org/springframework/data/spring-data-commons/1.12.2.RELEASE/spring-data-commons-1.12.2.RELEASE.jar:/home/sanpsicro/.m2/repository/org/springframework/data/spring-data-redis/1.7.2.RELEASE/spring-data-redis-1.7.2.RELEASE.jar:/home/sanpsicro/.m2/repository/org/springframework/data/spring-data-keyvalue/1.1.2.RELEASE/spring-data-keyvalue-1.1.2.RELEASE.jar:/home/sanpsicro/.m2/repository/org/springframework/spring-oxm/4.2.6.RELEASE/spring-oxm-4.2.6.RELEASE.jar:/home/sanpsicro/.m2/repository/org/springframework/spring-context-support/4.2.6.RELEASE/spring-context-support-4.2.6.RELEASE.jar:/home/sanpsicro/.m2/repository/org/springframework/security/spring-security-core/4.2.3.RELEASE/spring-security-core-4.2.3.RELEASE.jar:/home/sanpsicro/.m2/repository/ch/qos/logback/logback-core/1.0.13/logback-core-1.0.13.jar:/home/sanpsicro/.m2/repository/ch/qos/logback/logback-classic/1.0.13/logback-classic-1.0.13.jar:/home/sanpsicro/.m2/repository/net/sourceforge/jtds/jtds/1.3.1/jtds-1.3.1.jar:/home/sanpsicro/.m2/repository/javax/servlet/jstl/1.2/jstl-1.2.jar:/home/sanpsicro/.m2/repository/com/sun/jersey/contribs/jersey-multipart/1.19.4/jersey-multipart-1.19.4.jar:/home/sanpsicro/.m2/repository/org/jvnet/mimepull/mimepull/1.9.3/mimepull-1.9.3.jar:/home/sanpsicro/.m2/repository/org/reflections/reflections/0.9.11/reflections-0.9.11.jar:/home/sanpsicro/.m2/repository/org/javassist/javassist/3.21.0-GA/javassist-3.21.0-GA.jar:/home/sanpsicro/.m2/repository/com/qaprosoft/carina-hockeyapp/6.1.25/carina-hockeyapp-6.1.25.jar:/home/sanpsicro/.m2/repository/org/springframework/spring-web/4.1.1.RELEASE/spring-web-4.1.1.RELEASE.jar:/home/sanpsicro/.m2/repository/org/springframework/spring-aop/4.1.1.RELEASE/spring-aop-4.1.1.RELEASE.jar:/home/sanpsicro/.m2/repository/aopalliance/aopalliance/1.0/aopalliance-1.0.jar:/home/sanpsicro/.m2/repository/org/springframework/spring-beans/4.1.1.RELEASE/spring-beans-4.1.1.RELEASE.jar:/home/sanpsicro/.m2/repository/org/springframework/spring-core/4.1.1.RELEASE/spring-core-4.1.1.RELEASE.jar:/home/sanpsicro/.m2/repository/com/qaprosoft/carina-api/6.1.25/carina-api-6.1.25.jar:/home/sanpsicro/.m2/repository/commons-configuration/commons-configuration/1.7/commons-configuration-1.7.jar:/home/sanpsicro/.m2/repository/commons-lang/commons-lang/2.6/commons-lang-2.6.jar:/home/sanpsicro/.m2/repository/commons-digester/commons-digester/1.8.1/commons-digester-1.8.1.jar:/home/sanpsicro/.m2/repository/org/freemarker/freemarker/2.3.14/freemarker-2.3.14.jar:/home/sanpsicro/.m2/repository/org/skyscreamer/jsonassert/1.2.3/jsonassert-1.2.3.jar:/home/sanpsicro/.m2/repository/org/json/json/20090211/json-20090211.jar:/home/sanpsicro/.m2/repository/com/github/fge/json-schema-validator/2.2.6/json-schema-validator-2.2.6.jar:/home/sanpsicro/.m2/repository/com/google/code/findbugs/jsr305/3.0.0/jsr305-3.0.0.jar:/home/sanpsicro/.m2/repository/com/googlecode/libphonenumber/libphonenumber/6.2/libphonenumber-6.2.jar:/home/sanpsicro/.m2/repository/com/github/fge/json-schema-core/1.2.5/json-schema-core-1.2.5.jar:/home/sanpsicro/.m2/repository/com/github/fge/uri-template/0.9/uri-template-0.9.jar:/home/sanpsicro/.m2/repository/com/github/fge/msg-simple/1.1/msg-simple-1.1.jar:/home/sanpsicro/.m2/repository/com/github/fge/btf/1.2/btf-1.2.jar:/home/sanpsicro/.m2/repository/com/github/fge/jackson-coreutils/1.8/jackson-coreutils-1.8.jar:/home/sanpsicro/.m2/repository/org/mozilla/rhino/1.7R4/rhino-1.7R4.jar:/home/sanpsicro/.m2/repository/javax/mail/mailapi/1.4.3/mailapi-1.4.3.jar:/home/sanpsicro/.m2/repository/net/sf/jopt-simple/jopt-simple/4.6/jopt-simple-4.6.jar:/home/sanpsicro/.m2/repository/org/everit/json/org.everit.json.schema/1.5.1/org.everit.json.schema-1.5.1.jar:/home/sanpsicro/.m2/repository/org/apache/commons/commons-text/1.7/commons-text-1.7.jar:/home/sanpsicro/.m2/repository/commons-beanutils/commons-beanutils/1.9.2/commons-beanutils-1.9.2.jar:/home/sanpsicro/.m2/repository/commons-collections/commons-collections/3.2.1/commons-collections-3.2.1.jar:/home/sanpsicro/.m2/repository/org/apache/httpcomponents/httpclient/4.5.3/httpclient-4.5.3.jar:/home/sanpsicro/.m2/repository/org/apache/httpcomponents/httpcore/4.4.6/httpcore-4.4.6.jar:/home/sanpsicro/.m2/repository/commons-logging/commons-logging/1.2/commons-logging-1.2.jar:/home/sanpsicro/.m2/repository/commons-codec/commons-codec/1.9/commons-codec-1.9.jar:/home/sanpsicro/.m2/repository/log4j/log4j/1.2.17/log4j-1.2.17.jar:/home/sanpsicro/.m2/repository/org/apache/maven/surefire/surefire-testng/3.0.0-M3/surefire-testng-3.0.0-M3.jar:/home/sanpsicro/.m2/repository/org/apache/maven/surefire/common-java5/3.0.0-M3/common-java5-3.0.0-M3.jar:/home/sanpsicro/.m2/repository/org/apache/maven/surefire/surefire-testng-utils/3.0.0-M3/surefire-testng-utils-3.0.0-M3.jar:/home/sanpsicro/.m2/repository/org/apache/maven/surefire/surefire-grouper/3.0.0-M3/surefire-grouper-3.0.0-M3.jar"/>
    <property name="java.vm.vendor" value="Oracle Corporation"/>
    <property name="sun.arch.data.model" value="64"/>
    <property name="java.vendor.url" value="http://java.oracle.com/"/>
    <property name="user.timezone" value=""/>
    <property name="java.vm.specification.version" value="11"/>
    <property name="os.name" value="Linux"/>
    <property name="sun.java.launcher" value="SUN_STANDARD"/>
    <property name="user.country" value="US"/>
    <property name="sun.boot.library.path" value="/usr/lib/jvm/java-11-openjdk-amd64/lib"/>
    <property name="sun.java.command" value="org.apache.maven.surefire.booter.ForkedBooter /home/sanpsicro/Desktop/Frameworks/Carina/automation/target/surefire 2019-08-14T12-33-32_588-jvmRun1 surefire14735251285160969495tmp surefire_06916954584131893759tmp"/>
    <property name="jdk.debug" value="release"/>
    <property name="surefire.test.class.path" value="/home/sanpsicro/Desktop/Frameworks/Carina/automation/target/test-classes:/home/sanpsicro/Desktop/Frameworks/Carina/automation/target/classes:/home/sanpsicro/.m2/repository/com/qaprosoft/carina-core/6.1.25/carina-core-6.1.25.jar:/home/sanpsicro/.m2/repository/com/qaprosoft/carina-dataprovider/6.1.25/carina-dataprovider-6.1.25.jar:/home/sanpsicro/.m2/repository/com/qaprosoft/carina-commons/6.1.25/carina-commons-6.1.25.jar:/home/sanpsicro/.m2/repository/net/sf/opencsv/opencsv/1.7/opencsv-1.7.jar:/home/sanpsicro/.m2/repository/org/apache/poi/poi-ooxml/3.11-beta3/poi-ooxml-3.11-beta3.jar:/home/sanpsicro/.m2/repository/org/apache/poi/poi/3.11-beta3/poi-3.11-beta3.jar:/home/sanpsicro/.m2/repository/org/apache/poi/poi-ooxml-schemas/3.11-beta3/poi-ooxml-schemas-3.11-beta3.jar:/home/sanpsicro/.m2/repository/org/apache/xmlbeans/xmlbeans/2.6.0/xmlbeans-2.6.0.jar:/home/sanpsicro/.m2/repository/stax/stax-api/1.0.1/stax-api-1.0.1.jar:/home/sanpsicro/.m2/repository/org/apache/commons/commons-lang3/3.5/commons-lang3-3.5.jar:/home/sanpsicro/.m2/repository/com/google/apis/google-api-services-sheets/v4-rev581-1.25.0/google-api-services-sheets-v4-rev581-1.25.0.jar:/home/sanpsicro/.m2/repository/com/google/api-client/google-api-client/1.25.0/google-api-client-1.25.0.jar:/home/sanpsicro/.m2/repository/com/google/oauth-client/google-oauth-client/1.25.0/google-oauth-client-1.25.0.jar:/home/sanpsicro/.m2/repository/com/google/http-client/google-http-client/1.25.0/google-http-client-1.25.0.jar:/home/sanpsicro/.m2/repository/com/google/http-client/google-http-client-jackson2/1.25.0/google-http-client-jackson2-1.25.0.jar:/home/sanpsicro/.m2/repository/com/qaprosoft/carina-utils/6.1.25/carina-utils-6.1.25.jar:/home/sanpsicro/.m2/repository/com/qaprosoft/carina-crypto/6.1.25/carina-crypto-6.1.25.jar:/home/sanpsicro/.m2/repository/commons-cli/commons-cli/1.2/commons-cli-1.2.jar:/home/sanpsicro/.m2/repository/commons-io/commons-io/2.5/commons-io-2.5.jar:/home/sanpsicro/.m2/repository/org/seleniumhq/selenium/selenium-java/3.141.59/selenium-java-3.141.59.jar:/home/sanpsicro/.m2/repository/org/seleniumhq/selenium/selenium-api/3.141.59/selenium-api-3.141.59.jar:/home/sanpsicro/.m2/repository/org/seleniumhq/selenium/selenium-chrome-driver/3.141.59/selenium-chrome-driver-3.141.59.jar:/home/sanpsicro/.m2/repository/org/seleniumhq/selenium/selenium-edge-driver/3.141.59/selenium-edge-driver-3.141.59.jar:/home/sanpsicro/.m2/repository/org/seleniumhq/selenium/selenium-firefox-driver/3.141.59/selenium-firefox-driver-3.141.59.jar:/home/sanpsicro/.m2/repository/org/seleniumhq/selenium/selenium-ie-driver/3.141.59/selenium-ie-driver-3.141.59.jar:/home/sanpsicro/.m2/repository/org/seleniumhq/selenium/selenium-opera-driver/3.141.59/selenium-opera-driver-3.141.59.jar:/home/sanpsicro/.m2/repository/org/seleniumhq/selenium/selenium-remote-driver/3.141.59/selenium-remote-driver-3.141.59.jar:/home/sanpsicro/.m2/repository/org/seleniumhq/selenium/selenium-safari-driver/3.141.59/selenium-safari-driver-3.141.59.jar:/home/sanpsicro/.m2/repository/org/seleniumhq/selenium/selenium-support/3.141.59/selenium-support-3.141.59.jar:/home/sanpsicro/.m2/repository/net/bytebuddy/byte-buddy/1.8.15/byte-buddy-1.8.15.jar:/home/sanpsicro/.m2/repository/org/apache/commons/commons-exec/1.3/commons-exec-1.3.jar:/home/sanpsicro/.m2/repository/com/google/guava/guava/25.0-jre/guava-25.0-jre.jar:/home/sanpsicro/.m2/repository/org/checkerframework/checker-compat-qual/2.0.0/checker-compat-qual-2.0.0.jar:/home/sanpsicro/.m2/repository/com/google/errorprone/error_prone_annotations/2.1.3/error_prone_annotations-2.1.3.jar:/home/sanpsicro/.m2/repository/com/google/j2objc/j2objc-annotations/1.1/j2objc-annotations-1.1.jar:/home/sanpsicro/.m2/repository/org/codehaus/mojo/animal-sniffer-annotations/1.14/animal-sniffer-annotations-1.14.jar:/home/sanpsicro/.m2/repository/com/squareup/okhttp3/okhttp/3.11.0/okhttp-3.11.0.jar:/home/sanpsicro/.m2/repository/com/squareup/okio/okio/1.14.0/okio-1.14.0.jar:/home/sanpsicro/.m2/repository/com/sun/jna/jna/3.0.9/jna-3.0.9.jar:/home/sanpsicro/.m2/repository/com/jayway/restassured/rest-assured/2.9.0/rest-assured-2.9.0.jar:/home/sanpsicro/.m2/repository/org/codehaus/groovy/groovy/2.4.4/groovy-2.4.4.jar:/home/sanpsicro/.m2/repository/org/codehaus/groovy/groovy-xml/2.4.4/groovy-xml-2.4.4.jar:/home/sanpsicro/.m2/repository/org/apache/httpcomponents/httpmime/4.5.1/httpmime-4.5.1.jar:/home/sanpsicro/.m2/repository/org/hamcrest/hamcrest-core/1.3/hamcrest-core-1.3.jar:/home/sanpsicro/.m2/repository/org/hamcrest/hamcrest-library/1.3/hamcrest-library-1.3.jar:/home/sanpsicro/.m2/repository/org/ccil/cowan/tagsoup/tagsoup/1.2.1/tagsoup-1.2.1.jar:/home/sanpsicro/.m2/repository/com/jayway/restassured/json-path/2.9.0/json-path-2.9.0.jar:/home/sanpsicro/.m2/repository/org/codehaus/groovy/groovy-json/2.4.4/groovy-json-2.4.4.jar:/home/sanpsicro/.m2/repository/com/jayway/restassured/rest-assured-common/2.9.0/rest-assured-common-2.9.0.jar:/home/sanpsicro/.m2/repository/com/jayway/restassured/xml-path/2.9.0/xml-path-2.9.0.jar:/home/sanpsicro/.m2/repository/org/testng/testng/6.14.3/testng-6.14.3.jar:/home/sanpsicro/.m2/repository/com/beust/jcommander/1.72/jcommander-1.72.jar:/home/sanpsicro/.m2/repository/org/apache-extras/beanshell/bsh/2.0b6/bsh-2.0b6.jar:/home/sanpsicro/.m2/repository/org/apache/pdfbox/pdfbox/2.0.15/pdfbox-2.0.15.jar:/home/sanpsicro/.m2/repository/org/apache/pdfbox/fontbox/2.0.15/fontbox-2.0.15.jar:/home/sanpsicro/.m2/repository/com/fasterxml/jackson/core/jackson-databind/2.9.9/jackson-databind-2.9.9.jar:/home/sanpsicro/.m2/repository/com/fasterxml/jackson/core/jackson-core/2.9.9/jackson-core-2.9.9.jar:/home/sanpsicro/.m2/repository/com/fasterxml/jackson/core/jackson-annotations/2.9.8/jackson-annotations-2.9.8.jar:/home/sanpsicro/.m2/repository/org/mongodb/mongo-java-driver/2.11.3/mongo-java-driver-2.11.3.jar:/home/sanpsicro/.m2/repository/joda-time/joda-time/2.9.9/joda-time-2.9.9.jar:/home/sanpsicro/.m2/repository/commons-net/commons-net/3.3/commons-net-3.3.jar:/home/sanpsicro/.m2/repository/net/rcarz/jira-client/0.5/jira-client-0.5.jar:/home/sanpsicro/.m2/repository/net/sf/json-lib/json-lib/2.4/json-lib-2.4-jdk15.jar:/home/sanpsicro/.m2/repository/net/sf/ezmorph/ezmorph/1.0.6/ezmorph-1.0.6.jar:/home/sanpsicro/.m2/repository/org/mockito/mockito-all/1.9.0/mockito-all-1.9.0.jar:/home/sanpsicro/.m2/repository/commons-httpclient/commons-httpclient/3.1/commons-httpclient-3.1.jar:/home/sanpsicro/.m2/repository/org/imgscalr/imgscalr-lib/4.2/imgscalr-lib-4.2.jar:/home/sanpsicro/.m2/repository/com/qaprosoft/zafira-client/4.1.59/zafira-client-4.1.59.jar:/home/sanpsicro/.m2/repository/com/sun/jersey/jersey-client/1.19.4/jersey-client-1.19.4.jar:/home/sanpsicro/.m2/repository/com/sun/jersey/jersey-core/1.19.4/jersey-core-1.19.4.jar:/home/sanpsicro/.m2/repository/javax/ws/rs/jsr311-api/1.1.1/jsr311-api-1.1.1.jar:/home/sanpsicro/.m2/repository/com/sun/jersey/jersey-json/1.19.4/jersey-json-1.19.4.jar:/home/sanpsicro/.m2/repository/org/codehaus/jettison/jettison/1.1/jettison-1.1.jar:/home/sanpsicro/.m2/repository/com/sun/xml/bind/jaxb-impl/2.2.3-1/jaxb-impl-2.2.3-1.jar:/home/sanpsicro/.m2/repository/javax/xml/bind/jaxb-api/2.2.2/jaxb-api-2.2.2.jar:/home/sanpsicro/.m2/repository/javax/xml/stream/stax-api/1.0-2/stax-api-1.0-2.jar:/home/sanpsicro/.m2/repository/org/codehaus/jackson/jackson-core-asl/1.9.2/jackson-core-asl-1.9.2.jar:/home/sanpsicro/.m2/repository/org/codehaus/jackson/jackson-mapper-asl/1.9.2/jackson-mapper-asl-1.9.2.jar:/home/sanpsicro/.m2/repository/org/codehaus/jackson/jackson-jaxrs/1.9.2/jackson-jaxrs-1.9.2.jar:/home/sanpsicro/.m2/repository/org/codehaus/jackson/jackson-xc/1.9.2/jackson-xc-1.9.2.jar:/home/sanpsicro/.m2/repository/com/owlike/genson/0.99/genson-0.99.jar:/home/sanpsicro/.m2/repository/org/slf4j/slf4j-api/1.7.26/slf4j-api-1.7.26.jar:/home/sanpsicro/.m2/repository/org/apache/commons/commons-configuration2/2.5/commons-configuration2-2.5.jar:/home/sanpsicro/.m2/repository/com/rabbitmq/amqp-client/5.7.2/amqp-client-5.7.2.jar:/home/sanpsicro/.m2/repository/javax/validation/validation-api/2.0.1.Final/validation-api-2.0.1.Final.jar:/home/sanpsicro/.m2/repository/org/hibernate/validator/hibernate-validator/6.0.17.Final/hibernate-validator-6.0.17.Final.jar:/home/sanpsicro/.m2/repository/org/jboss/logging/jboss-logging/3.3.2.Final/jboss-logging-3.3.2.Final.jar:/home/sanpsicro/.m2/repository/com/fasterxml/classmate/1.3.4/classmate-1.3.4.jar:/home/sanpsicro/.m2/repository/com/google/code/gson/gson/2.8.5/gson-2.8.5.jar:/home/sanpsicro/.m2/repository/com/qaprosoft/carina-reporting/6.1.25/carina-reporting-6.1.25.jar:/home/sanpsicro/.m2/repository/com/qaprosoft/carina-aws-s3/6.1.25/carina-aws-s3-6.1.25.jar:/home/sanpsicro/.m2/repository/com/amazonaws/aws-java-sdk-s3/1.11.386/aws-java-sdk-s3-1.11.386.jar:/home/sanpsicro/.m2/repository/com/amazonaws/aws-java-sdk-core/1.11.386/aws-java-sdk-core-1.11.386.jar:/home/sanpsicro/.m2/repository/software/amazon/ion/ion-java/1.0.2/ion-java-1.0.2.jar:/home/sanpsicro/.m2/repository/com/fasterxml/jackson/dataformat/jackson-dataformat-cbor/2.6.7/jackson-dataformat-cbor-2.6.7.jar:/home/sanpsicro/.m2/repository/javax/mail/mail/1.4/mail-1.4.jar:/home/sanpsicro/.m2/repository/javax/activation/activation/1.1/activation-1.1.jar:/home/sanpsicro/.m2/repository/com/pojosontheweb/monte-repack/1.0/monte-repack-1.0.jar:/home/sanpsicro/.m2/repository/javax/media/jai/com.springsource.javax.media.jai.core/1.1.3/com.springsource.javax.media.jai.core-1.1.3.jar:/home/sanpsicro/.m2/repository/javax/media/jai/com.springsource.javax.media.jai.codec/1.1.3/com.springsource.javax.media.jai.codec-1.1.3.jar:/home/sanpsicro/.m2/repository/javax/media/jmf/2.1.1e/jmf-2.1.1e.jar:/home/sanpsicro/.m2/repository/com/googlecode/json-simple/json-simple/1.1/json-simple-1.1.jar:/home/sanpsicro/.m2/repository/com/qaprosoft/carina-webdriver/6.1.25/carina-webdriver-6.1.25.jar:/home/sanpsicro/.m2/repository/com/qaprosoft/carina-proxy/6.1.25/carina-proxy-6.1.25.jar:/home/sanpsicro/.m2/repository/net/lightbody/bmp/browsermob-core/2.1.5/browsermob-core-2.1.5.jar:/home/sanpsicro/.m2/repository/net/lightbody/bmp/littleproxy/1.1.0-beta-bmp-17/littleproxy-1.1.0-beta-bmp-17.jar:/home/sanpsicro/.m2/repository/dnsjava/dnsjava/2.1.8/dnsjava-2.1.8.jar:/home/sanpsicro/.m2/repository/org/slf4j/jcl-over-slf4j/1.7.25/jcl-over-slf4j-1.7.25.jar:/home/sanpsicro/.m2/repository/com/jcraft/jzlib/1.1.3/jzlib-1.1.3.jar:/home/sanpsicro/.m2/repository/org/bouncycastle/bcprov-jdk15on/1.58/bcprov-jdk15on-1.58.jar:/home/sanpsicro/.m2/repository/org/bouncycastle/bcpkix-jdk15on/1.58/bcpkix-jdk15on-1.58.jar:/home/sanpsicro/.m2/repository/net/lightbody/bmp/mitm/2.1.5/mitm-2.1.5.jar:/home/sanpsicro/.m2/repository/io/netty/netty-all/4.1.17.Final/netty-all-4.1.17.Final.jar:/home/sanpsicro/.m2/repository/io/appium/java-client/7.0.0/java-client-7.0.0.jar:/home/sanpsicro/.m2/repository/cglib/cglib/3.2.8/cglib-3.2.8.jar:/home/sanpsicro/.m2/repository/org/ow2/asm/asm/6.2.1/asm-6.2.1.jar:/home/sanpsicro/.m2/repository/org/apache/ant/ant/1.10.3/ant-1.10.3.jar:/home/sanpsicro/.m2/repository/org/apache/ant/ant-launcher/1.10.3/ant-launcher-1.10.3.jar:/home/sanpsicro/.m2/repository/commons-validator/commons-validator/1.6/commons-validator-1.6.jar:/home/sanpsicro/.m2/repository/org/springframework/spring-context/5.1.0.RELEASE/spring-context-5.1.0.RELEASE.jar:/home/sanpsicro/.m2/repository/org/springframework/spring-expression/5.1.0.RELEASE/spring-expression-5.1.0.RELEASE.jar:/home/sanpsicro/.m2/repository/org/aspectj/aspectjweaver/1.9.1/aspectjweaver-1.9.1.jar:/home/sanpsicro/.m2/repository/ru/yandex/qatools/ashot/ashot/1.5.3/ashot-1.5.3.jar:/home/sanpsicro/.m2/repository/com/googlecode/lambdaj/lambdaj/2.3.3/lambdaj-2.3.3.jar:/home/sanpsicro/.m2/repository/org/hamcrest/hamcrest-all/1.1/hamcrest-all-1.1.jar:/home/sanpsicro/.m2/repository/org/objenesis/objenesis/1.2/objenesis-1.2.jar:/home/sanpsicro/.m2/repository/cglib/cglib-nodep/2.2/cglib-nodep-2.2.jar:/home/sanpsicro/.m2/repository/org/apache/httpcomponents/fluent-hc/4.4/fluent-hc-4.4.jar:/home/sanpsicro/.m2/repository/com/itextpdf/itextpdf/5.0.6/itextpdf-5.0.6.jar:/home/sanpsicro/.m2/repository/com/qaprosoft/alice-client/1.1.0/alice-client-1.1.0.jar:/home/sanpsicro/.m2/repository/com/qaprosoft/alice-models/1.1.0/alice-models-1.1.0.jar:/home/sanpsicro/.m2/repository/org/springframework/spring-tx/4.3.2.RELEASE/spring-tx-4.3.2.RELEASE.jar:/home/sanpsicro/.m2/repository/org/springframework/spring-jdbc/4.3.2.RELEASE/spring-jdbc-4.3.2.RELEASE.jar:/home/sanpsicro/.m2/repository/org/springframework/data/spring-data-mongodb/1.9.2.RELEASE/spring-data-mongodb-1.9.2.RELEASE.jar:/home/sanpsicro/.m2/repository/org/springframework/data/spring-data-commons/1.12.2.RELEASE/spring-data-commons-1.12.2.RELEASE.jar:/home/sanpsicro/.m2/repository/org/springframework/data/spring-data-redis/1.7.2.RELEASE/spring-data-redis-1.7.2.RELEASE.jar:/home/sanpsicro/.m2/repository/org/springframework/data/spring-data-keyvalue/1.1.2.RELEASE/spring-data-keyvalue-1.1.2.RELEASE.jar:/home/sanpsicro/.m2/repository/org/springframework/spring-oxm/4.2.6.RELEASE/spring-oxm-4.2.6.RELEASE.jar:/home/sanpsicro/.m2/repository/org/springframework/spring-context-support/4.2.6.RELEASE/spring-context-support-4.2.6.RELEASE.jar:/home/sanpsicro/.m2/repository/org/springframework/security/spring-security-core/4.2.3.RELEASE/spring-security-core-4.2.3.RELEASE.jar:/home/sanpsicro/.m2/repository/ch/qos/logback/logback-core/1.0.13/logback-core-1.0.13.jar:/home/sanpsicro/.m2/repository/ch/qos/logback/logback-classic/1.0.13/logback-classic-1.0.13.jar:/home/sanpsicro/.m2/repository/net/sourceforge/jtds/jtds/1.3.1/jtds-1.3.1.jar:/home/sanpsicro/.m2/repository/javax/servlet/jstl/1.2/jstl-1.2.jar:/home/sanpsicro/.m2/repository/com/sun/jersey/contribs/jersey-multipart/1.19.4/jersey-multipart-1.19.4.jar:/home/sanpsicro/.m2/repository/org/jvnet/mimepull/mimepull/1.9.3/mimepull-1.9.3.jar:/home/sanpsicro/.m2/repository/org/reflections/reflections/0.9.11/reflections-0.9.11.jar:/home/sanpsicro/.m2/repository/org/javassist/javassist/3.21.0-GA/javassist-3.21.0-GA.jar:/home/sanpsicro/.m2/repository/com/qaprosoft/carina-hockeyapp/6.1.25/carina-hockeyapp-6.1.25.jar:/home/sanpsicro/.m2/repository/org/springframework/spring-web/4.1.1.RELEASE/spring-web-4.1.1.RELEASE.jar:/home/sanpsicro/.m2/repository/org/springframework/spring-aop/4.1.1.RELEASE/spring-aop-4.1.1.RELEASE.jar:/home/sanpsicro/.m2/repository/aopalliance/aopalliance/1.0/aopalliance-1.0.jar:/home/sanpsicro/.m2/repository/org/springframework/spring-beans/4.1.1.RELEASE/spring-beans-4.1.1.RELEASE.jar:/home/sanpsicro/.m2/repository/org/springframework/spring-core/4.1.1.RELEASE/spring-core-4.1.1.RELEASE.jar:/home/sanpsicro/.m2/repository/com/qaprosoft/carina-api/6.1.25/carina-api-6.1.25.jar:/home/sanpsicro/.m2/repository/commons-configuration/commons-configuration/1.7/commons-configuration-1.7.jar:/home/sanpsicro/.m2/repository/commons-lang/commons-lang/2.6/commons-lang-2.6.jar:/home/sanpsicro/.m2/repository/commons-digester/commons-digester/1.8.1/commons-digester-1.8.1.jar:/home/sanpsicro/.m2/repository/org/freemarker/freemarker/2.3.14/freemarker-2.3.14.jar:/home/sanpsicro/.m2/repository/org/skyscreamer/jsonassert/1.2.3/jsonassert-1.2.3.jar:/home/sanpsicro/.m2/repository/org/json/json/20090211/json-20090211.jar:/home/sanpsicro/.m2/repository/com/github/fge/json-schema-validator/2.2.6/json-schema-validator-2.2.6.jar:/home/sanpsicro/.m2/repository/com/google/code/findbugs/jsr305/3.0.0/jsr305-3.0.0.jar:/home/sanpsicro/.m2/repository/com/googlecode/libphonenumber/libphonenumber/6.2/libphonenumber-6.2.jar:/home/sanpsicro/.m2/repository/com/github/fge/json-schema-core/1.2.5/json-schema-core-1.2.5.jar:/home/sanpsicro/.m2/repository/com/github/fge/uri-template/0.9/uri-template-0.9.jar:/home/sanpsicro/.m2/repository/com/github/fge/msg-simple/1.1/msg-simple-1.1.jar:/home/sanpsicro/.m2/repository/com/github/fge/btf/1.2/btf-1.2.jar:/home/sanpsicro/.m2/repository/com/github/fge/jackson-coreutils/1.8/jackson-coreutils-1.8.jar:/home/sanpsicro/.m2/repository/org/mozilla/rhino/1.7R4/rhino-1.7R4.jar:/home/sanpsicro/.m2/repository/javax/mail/mailapi/1.4.3/mailapi-1.4.3.jar:/home/sanpsicro/.m2/repository/net/sf/jopt-simple/jopt-simple/4.6/jopt-simple-4.6.jar:/home/sanpsicro/.m2/repository/org/everit/json/org.everit.json.schema/1.5.1/org.everit.json.schema-1.5.1.jar:/home/sanpsicro/.m2/repository/org/apache/commons/commons-text/1.7/commons-text-1.7.jar:/home/sanpsicro/.m2/repository/commons-beanutils/commons-beanutils/1.9.2/commons-beanutils-1.9.2.jar:/home/sanpsicro/.m2/repository/commons-collections/commons-collections/3.2.1/commons-collections-3.2.1.jar:/home/sanpsicro/.m2/repository/org/apache/httpcomponents/httpclient/4.5.3/httpclient-4.5.3.jar:/home/sanpsicro/.m2/repository/org/apache/httpcomponents/httpcore/4.4.6/httpcore-4.4.6.jar:/home/sanpsicro/.m2/repository/commons-logging/commons-logging/1.2/commons-logging-1.2.jar:/home/sanpsicro/.m2/repository/commons-codec/commons-codec/1.9/commons-codec-1.9.jar:/home/sanpsicro/.m2/repository/log4j/log4j/1.2.17/log4j-1.2.17.jar:"/>
    <property name="sun.cpu.endian" value="little"/>
    <property name="user.home" value="/home/sanpsicro"/>
    <property name="user.language" value="en"/>
    <property name="java.specification.vendor" value="Oracle Corporation"/>
    <property name="java.version.date" value="2019-04-16"/>
    <property name="java.home" value="/usr/lib/jvm/java-11-openjdk-amd64"/>
    <property name="file.separator" value="/"/>
    <property name="basedir" value="/home/sanpsicro/Desktop/Frameworks/Carina/automation"/>
    <property name="java.vm.compressedOopsMode" value="Zero based"/>
    <property name="line.separator" value="&#10;"/>
    <property name="java.specification.name" value="Java Platform API Specification"/>
    <property name="java.vm.specification.vendor" value="Oracle Corporation"/>
    <property name="java.awt.graphicsenv" value="sun.awt.X11GraphicsEnvironment"/>
    <property name="sun.management.compiler" value="HotSpot 64-Bit Tiered Compilers"/>
    <property name="java.runtime.version" value="11.0.3+7-Ubuntu-1ubuntu218.10.1"/>
    <property name="user.name" value="sanpsicro"/>
    <property name="path.separator" value=":"/>
    <property name="os.version" value="4.18.0-25-generic"/>
    <property name="java.runtime.name" value="OpenJDK Runtime Environment"/>
    <property name="file.encoding" value="UTF-8"/>
    <property name="java.vm.name" value="OpenJDK 64-Bit Server VM"/>
    <property name="localRepository" value="/home/sanpsicro/.m2/repository"/>
    <property name="java.vendor.url.bug" value="http://bugreport.java.com/bugreport/"/>
    <property name="java.io.tmpdir" value="/tmp"/>
    <property name="java.version" value="11.0.3"/>
    <property name="user.dir" value="/home/sanpsicro/Desktop/Frameworks/Carina/automation"/>
    <property name="os.arch" value="amd64"/>
    <property name="java.vm.specification.name" value="Java Virtual Machine Specification"/>
    <property name="java.awt.printerjob" value="sun.print.PSPrinterJob"/>
    <property name="sun.os.patch.level" value="unknown"/>
    <property name="java.library.path" value="/usr/java/packages/lib:/usr/lib/x86_64-linux-gnu/jni:/lib/x86_64-linux-gnu:/usr/lib/x86_64-linux-gnu:/usr/lib/jni:/lib:/usr/lib"/>
    <property name="suite" value="web"/>
    <property name="java.vendor" value="Oracle Corporation"/>
    <property name="java.vm.info" value="mixed mode, sharing"/>
    <property name="java.vm.version" value="11.0.3+7-Ubuntu-1ubuntu218.10.1"/>
    <property name="sun.io.unicode.encoding" value="UnicodeLittle"/>
    <property name="java.class.version" value="55.0"/>
  </properties>
  <testcase name="searchProduct" classname="com.test.qa_challenge.demo_test" time="5.075"/>
  <testcase name="selectProduct" classname="com.test.qa_challenge.demo_test" time="3.74"/>
  <testcase name="unselectProduct" classname="com.test.qa_challenge.demo_test" time="3.775"/>
</testsuite>