<?xml version="1.0" encoding="UTF-8"?>
<!-- Generated by org.testng.reporters.JUnitReportReporter -->
<testsuite hostname="sanpsicro" failures="0" tests="3" name="com.test.qa_challenge.demo_test" time="12.433" errors="0" timestamp="14 Aug 2019 17:33:48 GMT" skipped="0">
  <testcase classname="com.test.qa_challenge.demo_test" name="selectProduct" time="3.685"/>
  <testcase classname="com.test.qa_challenge.demo_test" name="unselectProduct" time="3.721"/>
  <testcase classname="com.test.qa_challenge.demo_test" name="searchProduct" time="5.027"/>
</testsuite> <!-- com.test.qa_challenge.demo_test -->
